<?xml version="1.0" encoding="UTF-8"?>
<!-- Generated by org.testng.reporters.JUnitXMLReporter -->
<testsuite hostname="NAVA" ignored="0" name="Default test" tests="3" failures="0" timestamp="09 Dec 2022 01:03:11 GMT" time="26.207" errors="0">
  <testcase name="validateUserAbleToAddCategory" time="7.342" classname="test.addCategoryTest"/>
  <testcase name="validateUserNotAbleToAddDuplicateCategory" time="0.988" classname="test.addCategoryTest"/>
  <testcase name="validateMonthDropDown" time="1.43" classname="test.addCategoryTest"/>
</testsuite> <!-- Default test -->
