<?xml version="1.0" encoding="UTF-8"?>
<!-- Generated by org.testng.reporters.JUnitXMLReporter -->
<testsuite hostname="NAVA" ignored="0" name="Default test" tests="3" failures="0" timestamp="13 Oct 2022 03:57:30 GMT" time="24.592" errors="0">
  <testcase name="validateUserAbleToAddCategory" time="9.664" classname="test.addCategoryTest"/>
  <testcase name="validateUserNotAbleToAddDuplicateCategory" time="1.223" classname="test.addCategoryTest"/>
  <testcase name="validateMonthDropDown" time="1.55" classname="test.addCategoryTest"/>
</testsuite> <!-- Default test -->
