<?xml version="1.0" encoding="UTF-8"?>
<testng-results skipped="0" failed="0" ignored="0" total="3" passed="3">
  <reporter-output>
  </reporter-output>
  <suite name="Default suite" duration-ms="26207" started-at="2022-12-09T01:02:44Z" finished-at="2022-12-09T01:03:11Z">
    <groups>
    </groups>
    <test name="Default test" duration-ms="26207" started-at="2022-12-09T01:02:44Z" finished-at="2022-12-09T01:03:11Z">
      <class name="test.addCategoryTest">
        <test-method status="PASS" signature="init()[pri:0, instance:test.addCategoryTest@56a6d5a6]" name="init" is-config="true" duration-ms="8113" started-at="2022-12-09T01:02:44Z" finished-at="2022-12-09T01:02:53Z">
          <reporter-output>
          </reporter-output>
        </test-method> <!-- init -->
        <test-method status="PASS" signature="validateUserAbleToAddCategory()[pri:1, instance:test.addCategoryTest@56a6d5a6]" name="validateUserAbleToAddCategory" duration-ms="7342" started-at="2022-12-09T01:02:53Z" finished-at="2022-12-09T01:03:00Z">
          <reporter-output>
          </reporter-output>
        </test-method> <!-- validateUserAbleToAddCategory -->
        <test-method status="PASS" signature="tearDown()[pri:0, instance:test.addCategoryTest@56a6d5a6]" name="tearDown" is-config="true" duration-ms="804" started-at="2022-12-09T01:03:00Z" finished-at="2022-12-09T01:03:01Z">
          <reporter-output>
          </reporter-output>
        </test-method> <!-- tearDown -->
        <test-method status="PASS" signature="init()[pri:0, instance:test.addCategoryTest@56a6d5a6]" name="init" is-config="true" duration-ms="2696" started-at="2022-12-09T01:03:01Z" finished-at="2022-12-09T01:03:03Z">
          <reporter-output>
          </reporter-output>
        </test-method> <!-- init -->
        <test-method status="PASS" signature="validateUserNotAbleToAddDuplicateCategory()[pri:2, instance:test.addCategoryTest@56a6d5a6]" name="validateUserNotAbleToAddDuplicateCategory" duration-ms="988" started-at="2022-12-09T01:03:03Z" finished-at="2022-12-09T01:03:04Z">
          <reporter-output>
          </reporter-output>
        </test-method> <!-- validateUserNotAbleToAddDuplicateCategory -->
        <test-method status="PASS" signature="tearDown()[pri:0, instance:test.addCategoryTest@56a6d5a6]" name="tearDown" is-config="true" duration-ms="835" started-at="2022-12-09T01:03:04Z" finished-at="2022-12-09T01:03:05Z">
          <reporter-output>
          </reporter-output>
        </test-method> <!-- tearDown -->
        <test-method status="PASS" signature="init()[pri:0, instance:test.addCategoryTest@56a6d5a6]" name="init" is-config="true" duration-ms="2430" started-at="2022-12-09T01:03:05Z" finished-at="2022-12-09T01:03:08Z">
          <reporter-output>
          </reporter-output>
        </test-method> <!-- init -->
        <test-method status="PASS" signature="validateMonthDropDown()[pri:3, instance:test.addCategoryTest@56a6d5a6]" name="validateMonthDropDown" duration-ms="1430" started-at="2022-12-09T01:03:08Z" finished-at="2022-12-09T01:03:09Z">
          <reporter-output>
          </reporter-output>
        </test-method> <!-- validateMonthDropDown -->
        <test-method status="PASS" signature="tearDown()[pri:0, instance:test.addCategoryTest@56a6d5a6]" name="tearDown" is-config="true" duration-ms="1530" started-at="2022-12-09T01:03:09Z" finished-at="2022-12-09T01:03:11Z">
          <reporter-output>
          </reporter-output>
        </test-method> <!-- tearDown -->
      </class> <!-- test.addCategoryTest -->
    </test> <!-- Default test -->
  </suite> <!-- Default suite -->
</testng-results>
